{"D:\\BOOTCAMP DIBIMBING\\ASSIGNMENT DAY 39\\models\\mathModel.js": {"path":"D:\\BOOTCAMP DIBIMBING\\ASSIGNMENT DAY 39\\models\\mathModel.js","statementMap":{"0":{"start":{"line":2,"column":4},"end":{"line":2,"column":63}},"1":{"start":{"line":6,"column":4},"end":{"line":6,"column":44}},"2":{"start":{"line":9,"column":0},"end":{"line":12,"column":2}}},"fnMap":{"0":{"name":"isWeekend","decl":{"start":{"line":1,"column":9},"end":{"line":1,"column":18}},"loc":{"start":{"line":1,"column":20},"end":{"line":3,"column":1}},"line":1},"1":{"name":"isLeapYear","decl":{"start":{"line":5,"column":9},"end":{"line":5,"column":19}},"loc":{"start":{"line":5,"column":22},"end":{"line":7,"column":1}},"line":5}},"branchMap":{"0":{"loc":{"start":{"line":2,"column":11},"end":{"line":2,"column":63}},"type":"binary-expr","locations":[{"start":{"line":2,"column":11},"end":{"line":2,"column":35}},{"start":{"line":2,"column":39},"end":{"line":2,"column":63}}],"line":2}},"s":{"0":2,"1":2,"2":2},"f":{"0":2,"1":2},"b":{"0":[2,2]},"_coverageSchema":"1a1c01bbd47fc00a2c39e90264f33305004495a9","hash":"48e6f392b77fadf9074a3dd2808d70b33bb2c5c7"}
,"D:\\BOOTCAMP DIBIMBING\\ASSIGNMENT DAY 39\\server\\handlers\\math.js": {"path":"D:\\BOOTCAMP DIBIMBING\\ASSIGNMENT DAY 39\\server\\handlers\\math.js","statementMap":{"0":{"start":{"line":1,"column":18},"end":{"line":1,"column":52}},"1":{"start":{"line":3,"column":18},"end":{"line":13,"column":1}},"2":{"start":{"line":4,"column":4},"end":{"line":12,"column":5}},"3":{"start":{"line":5,"column":23},"end":{"line":5,"column":50}},"4":{"start":{"line":6,"column":8},"end":{"line":9,"column":11}},"5":{"start":{"line":11,"column":8},"end":{"line":11,"column":18}},"6":{"start":{"line":15,"column":19},"end":{"line":25,"column":1}},"7":{"start":{"line":16,"column":4},"end":{"line":24,"column":5}},"8":{"start":{"line":17,"column":23},"end":{"line":17,"column":51}},"9":{"start":{"line":18,"column":8},"end":{"line":21,"column":11}},"10":{"start":{"line":23,"column":8},"end":{"line":23,"column":18}},"11":{"start":{"line":27,"column":0},"end":{"line":30,"column":2}}},"fnMap":{"0":{"name":"(anonymous_0)","decl":{"start":{"line":3,"column":18},"end":{"line":3,"column":19}},"loc":{"start":{"line":3,"column":38},"end":{"line":13,"column":1}},"line":3},"1":{"name":"(anonymous_1)","decl":{"start":{"line":15,"column":19},"end":{"line":15,"column":20}},"loc":{"start":{"line":15,"column":39},"end":{"line":25,"column":1}},"line":15}},"branchMap":{},"s":{"0":2,"1":2,"2":2,"3":2,"4":2,"5":2,"6":2,"7":2,"8":2,"9":2,"10":2,"11":2},"f":{"0":2,"1":2},"b":{},"_coverageSchema":"1a1c01bbd47fc00a2c39e90264f33305004495a9","hash":"0a826583138e4062239f81a52a84db35322f12e7"}
}
